INFO    CONFIG:   Capacity=15   Ticks-Floor=5   Ticks-Door=2   Ticks-Passengers=3   CurrState=STOP      CurrFloor=1
INFO    Time=10   Called=1 Floor=1 Dir=Up   passID=0
INFO    Time=11   Prev State: STOP      Curr State: OPENDR    PrevFloor: 1   CurrFloor: 1
INFO    Time=13   Prev State: OPENDR    Curr State: BOARD     PrevFloor: 1   CurrFloor: 1
INFO    Time=13   Board=1 Floor=1 Dir=Up   passID=0
INFO    Time=14   Prev State: BOARD     Curr State: CLOSEDR   PrevFloor: 1   CurrFloor: 1
INFO    Time=15   Called=1 Floor=4 Dir=Down   passID=1
INFO    Time=15   Called=1 Floor=5 Dir=Down   passID=2
INFO    Time=16   Prev State: CLOSEDR   Curr State: MV1FLR    PrevFloor: 1   CurrFloor: 1
INFO    Time=31   Prev State: MV1FLR    Curr State: OPENDR    PrevFloor: 3   CurrFloor: 4
INFO    Time=33   Prev State: OPENDR    Curr State: OFFLD     PrevFloor: 4   CurrFloor: 4
INFO    Time=33   Arrived=1 Floor=4 passID=0
INFO    Time=34   Prev State: OFFLD     Curr State: CLOSEDR   PrevFloor: 4   CurrFloor: 4
INFO    Time=36   Prev State: CLOSEDR   Curr State: MV1FLR    PrevFloor: 4   CurrFloor: 4
INFO    Time=41   Prev State: MV1FLR    Curr State: OPENDR    PrevFloor: 4   CurrFloor: 5
INFO    Time=43   Prev State: OPENDR    Curr State: BOARD     PrevFloor: 5   CurrFloor: 5
INFO    Time=43   Board=1 Floor=5 Dir=Down   passID=2
INFO    Time=44   Prev State: BOARD     Curr State: CLOSEDR   PrevFloor: 5   CurrFloor: 5
INFO    Time=46   Prev State: CLOSEDR   Curr State: MV1FLR    PrevFloor: 5   CurrFloor: 5
INFO    Time=51   Prev State: MV1FLR    Curr State: OPENDR    PrevFloor: 5   CurrFloor: 4
INFO    Time=53   Prev State: OPENDR    Curr State: BOARD     PrevFloor: 4   CurrFloor: 4
INFO    Time=53   Board=1 Floor=4 Dir=Down   passID=1
INFO    Time=54   Prev State: BOARD     Curr State: CLOSEDR   PrevFloor: 4   CurrFloor: 4
INFO    Time=56   Prev State: CLOSEDR   Curr State: MV1FLR    PrevFloor: 4   CurrFloor: 4
INFO    Time=71   Prev State: MV1FLR    Curr State: OPENDR    PrevFloor: 2   CurrFloor: 1
INFO    Time=73   Prev State: OPENDR    Curr State: OFFLD     PrevFloor: 1   CurrFloor: 1
INFO    Time=73   Arrived=1 Floor=1 passID=2
INFO    Time=73   Arrived=1 Floor=1 passID=1
INFO    Time=74   Prev State: OFFLD     Curr State: CLOSEDR   PrevFloor: 1   CurrFloor: 1
INFO    Time=76   Prev State: CLOSEDR   Curr State: STOP      PrevFloor: 1   CurrFloor: 1
INFO    Time=76   Detected End of Simulation
INFO    Time=76   Detected End of Simulation
