INFO    CONFIG:   Capacity=15   Ticks-Floor=5   Ticks-Door=2   Ticks-Passengers=3   CurrState=STOP      CurrFloor=1
INFO    Time=10   Called=11 Floor=1 Dir=Up   passID=0
INFO    Time=11   Prev State: STOP      Curr State: OPENDR    PrevFloor: 1   CurrFloor: 1
INFO    Time=13   Prev State: OPENDR    Curr State: BOARD     PrevFloor: 1   CurrFloor: 1
INFO    Time=13   Board=11 Floor=1 Dir=Up   passID=0
INFO    Time=16   Called=4 Floor=1 Dir=Up   passID=1
INFO    Time=16   Board=4 Floor=1 Dir=Up   passID=1
INFO    Time=18   Prev State: BOARD     Curr State: CLOSEDR   PrevFloor: 1   CurrFloor: 1
INFO    Time=20   Prev State: CLOSEDR   Curr State: MV1FLR    PrevFloor: 1   CurrFloor: 1
INFO    Time=25   Prev State: MV1FLR    Curr State: OPENDR    PrevFloor: 1   CurrFloor: 2
INFO    Time=27   Prev State: OPENDR    Curr State: OFFLD     PrevFloor: 2   CurrFloor: 2
INFO    Time=27   Arrived=4 Floor=2 passID=1
INFO    Time=29   Prev State: OFFLD     Curr State: CLOSEDR   PrevFloor: 2   CurrFloor: 2
INFO    Time=31   Prev State: CLOSEDR   Curr State: MV1FLR    PrevFloor: 2   CurrFloor: 2
INFO    Time=51   Prev State: MV1FLR    Curr State: OPENDR    PrevFloor: 5   CurrFloor: 6
INFO    Time=53   Prev State: OPENDR    Curr State: OFFLD     PrevFloor: 6   CurrFloor: 6
INFO    Time=53   Arrived=11 Floor=6 passID=0
INFO    Time=57   Prev State: OFFLD     Curr State: CLOSEDR   PrevFloor: 6   CurrFloor: 6
INFO    Time=59   Prev State: CLOSEDR   Curr State: STOP      PrevFloor: 6   CurrFloor: 6
INFO    Time=59   Detected End of Simulation
INFO    Time=59   Detected End of Simulation
