INFO    CONFIG:   Capacity=15   Ticks-Floor=5   Ticks-Door=2   Ticks-Passengers=3   CurrState=STOP      CurrFloor=1
INFO    Time=10   Called=4 Floor=1 Dir=Up   passID=0
INFO    Time=11   Prev State: STOP      Curr State: OPENDR    PrevFloor: 1   CurrFloor: 1
INFO    Time=13   Prev State: OPENDR    Curr State: BOARD     PrevFloor: 1   CurrFloor: 1
INFO    Time=13   Board=4 Floor=1 Dir=Up   passID=0
INFO    Time=14   Called=3 Floor=1 Dir=Up   passID=1
INFO    Time=14   Board=3 Floor=1 Dir=Up   passID=1
INFO    Time=15   Called=4 Floor=1 Dir=Up   passID=2
INFO    Time=15   Board=4 Floor=1 Dir=Up   passID=2
INFO    Time=16   Called=4 Floor=1 Dir=Up   passID=3
INFO    Time=16   Board=4 Floor=1 Dir=Up   passID=3
INFO    Time=18   Prev State: BOARD     Curr State: CLOSEDR   PrevFloor: 1   CurrFloor: 1
INFO    Time=20   Prev State: CLOSEDR   Curr State: MV1FLR    PrevFloor: 1   CurrFloor: 1
INFO    Time=25   Prev State: MV1FLR    Curr State: OPENDR    PrevFloor: 1   CurrFloor: 2
INFO    Time=27   Prev State: OPENDR    Curr State: OFFLD     PrevFloor: 2   CurrFloor: 2
INFO    Time=27   Arrived=4 Floor=2 passID=0
INFO    Time=29   Prev State: OFFLD     Curr State: CLOSEDR   PrevFloor: 2   CurrFloor: 2
INFO    Time=31   Prev State: CLOSEDR   Curr State: MV1FLR    PrevFloor: 2   CurrFloor: 2
INFO    Time=36   Prev State: MV1FLR    Curr State: OPENDR    PrevFloor: 2   CurrFloor: 3
INFO    Time=38   Prev State: OPENDR    Curr State: OFFLD     PrevFloor: 3   CurrFloor: 3
INFO    Time=38   Arrived=3 Floor=3 passID=1
INFO    Time=39   Prev State: OFFLD     Curr State: CLOSEDR   PrevFloor: 3   CurrFloor: 3
INFO    Time=41   Prev State: CLOSEDR   Curr State: MV1FLR    PrevFloor: 3   CurrFloor: 3
INFO    Time=46   Prev State: MV1FLR    Curr State: OPENDR    PrevFloor: 3   CurrFloor: 4
INFO    Time=48   Prev State: OPENDR    Curr State: OFFLD     PrevFloor: 4   CurrFloor: 4
INFO    Time=48   Arrived=4 Floor=4 passID=2
INFO    Time=50   Prev State: OFFLD     Curr State: CLOSEDR   PrevFloor: 4   CurrFloor: 4
INFO    Time=52   Prev State: CLOSEDR   Curr State: MV1FLR    PrevFloor: 4   CurrFloor: 4
INFO    Time=57   Prev State: MV1FLR    Curr State: OPENDR    PrevFloor: 4   CurrFloor: 5
INFO    Time=59   Prev State: OPENDR    Curr State: OFFLD     PrevFloor: 5   CurrFloor: 5
INFO    Time=59   Arrived=4 Floor=5 passID=3
INFO    Time=61   Prev State: OFFLD     Curr State: CLOSEDR   PrevFloor: 5   CurrFloor: 5
INFO    Time=63   Prev State: CLOSEDR   Curr State: STOP      PrevFloor: 5   CurrFloor: 5
INFO    Time=63   Detected End of Simulation
INFO    Time=63   Detected End of Simulation
